Error: Function in "test.cpp" file on (10) line returns non-zero value

Stack_Errors stack_ctor_func(Stack*, ssize_t, const char*, const char*, const char*, ssize_t) at stack.cpp(9):
Stack[0x7ffc5799bcc0] was not constructed

Stack_Errors stack_ctor_func(Stack*, ssize_t, const char*, const char*, const char*, ssize_t) at stack.cpp(28):
Stack[0x7ffc5799bcc0] (ok) "stk111" at int main() at test.cpp(28)
	{
		size = 0
		capacity = 5
		data[0x7ffc5799bcc0]
			{
				[0] = 0 (POISON)
				[1] = 0 (POISON)
				[2] = 0 (POISON)
				[3] = 0 (POISON)
				[4] = 0 (POISON)
			}
	}

Stack_Errors stack_push(Stack*, elem_type) at stack.cpp(49):
Stack[0x7ffc5799bcc0] (ok) "stk111" at int main() at test.cpp(49)
	{
		size = 0
		capacity = 5
		data[0x7ffc5799bcc0]
			{
				[0] = 0 (POISON)
				[1] = 0 (POISON)
				[2] = 0 (POISON)
				[3] = 0 (POISON)
				[4] = 0 (POISON)
			}
	}

Stack_Errors stack_push(Stack*, elem_type) at stack.cpp(59):
Stack[0x7ffc5799bcc0] (ok) "stk111" at int main() at test.cpp(59)
	{
		size = 1
		capacity = 5
		data[0x7ffc5799bcc0]
			{
				*[0] = 1 
				[1] = 0 (POISON)
				[2] = 0 (POISON)
				[3] = 0 (POISON)
				[4] = 0 (POISON)
			}
	}

Stack_Errors stack_pop(Stack*, elem_type*) at stack.cpp(82):
Stack[0x7ffc5799bcc0] (ok) "stk111" at int main() at test.cpp(82)
	{
		size = 1
		capacity = 5
		data[0x7ffc5799bcc0]
			{
				*[0] = 1 
				[1] = 0 (POISON)
				[2] = 0 (POISON)
				[3] = 0 (POISON)
				[4] = 0 (POISON)
			}
	}

Stack_Errors stack_pop(Stack*, elem_type*) at stack.cpp(101):
Stack[0x7ffc5799bcc0] (ok) "stk111" at int main() at test.cpp(101)
	{
		size = 0
		capacity = 5
		data[0x7ffc5799bcc0]
			{
				[0] = 0 (POISON)
				[1] = 0 (POISON)
				[2] = 0 (POISON)
				[3] = 0 (POISON)
				[4] = 0 (POISON)
			}
	}

Stack_Errors stack_pop(Stack*, elem_type*) at stack.cpp(82):
Stack[0x7ffc5799bcc0] (ok) "stk111" at int main() at test.cpp(82)
	{
		size = 0
		capacity = 5
		data[0x7ffc5799bcc0]
			{
				[0] = 0 (POISON)
				[1] = 0 (POISON)
				[2] = 0 (POISON)
				[3] = 0 (POISON)
				[4] = 0 (POISON)
			}
	}

Stack_Errors stack_pop(Stack*, elem_type*) at stack.cpp(101):
Stack[0x7ffc5799bcc0] (ok) "stk111" at int main() at test.cpp(101)
	{
		size = 0
		capacity = 5
		data[0x7ffc5799bcc0]
			{
				[0] = 0 (POISON)
				[1] = 0 (POISON)
				[2] = 0 (POISON)
				[3] = 0 (POISON)
				[4] = 0 (POISON)
			}
	}
Error: Function in "test.cpp" file on (19) line returns non-zero value

Stack_Errors stack_pop(Stack*, elem_type*) at stack.cpp(82):
Stack[0x7ffc5799bcc0] (ok) "stk111" at int main() at test.cpp(82)
	{
		size = 0
		capacity = 5
		data[0x7ffc5799bcc0]
			{
				[0] = 0 (POISON)
				[1] = 0 (POISON)
				[2] = 0 (POISON)
				[3] = 0 (POISON)
				[4] = 0 (POISON)
			}
	}

Stack_Errors stack_pop(Stack*, elem_type*) at stack.cpp(101):
Stack[0x7ffc5799bcc0] (ok) "stk111" at int main() at test.cpp(101)
	{
		size = 0
		capacity = 5
		data[0x7ffc5799bcc0]
			{
				[0] = 0 (POISON)
				[1] = 0 (POISON)
				[2] = 0 (POISON)
				[3] = 0 (POISON)
				[4] = 0 (POISON)
			}
	}
Error: Function in "test.cpp" file on (20) line returns non-zero value

Stack_Errors stack_dtor(Stack*) at stack.cpp(35):
Stack[0x7ffc5799bcc0] (ok) "stk111" at int main() at test.cpp(35)
	{
		size = 0
		capacity = 5
		data[0x7ffc5799bcc0]
			{
				[0] = 0 (POISON)
				[1] = 0 (POISON)
				[2] = 0 (POISON)
				[3] = 0 (POISON)
				[4] = 0 (POISON)
			}
	}

Stack_Errors stack_dtor(Stack*) at stack.cpp(42):
Stack[0x7ffc5799bcc0] (error) "stk111" at int main() at test.cpp(42)
-A wild situation with Stack: size >= capacity
-Stack capacity is negative! (impossible value)
-Stack size is negative! (impossible value)
	{
		size = -1
		capacity = -1
		data[0x7ffc5799bcc0]
			{
			}
	}
